#
# A fatal error has been detected by the Java Runtime Environment:
#
#  EXCEPTION_ACCESS_VIOLATION (0xc0000005) at pc=0x087c2850, pid=7996, tid=6748
#
# JRE version: 6.0_29-b11
# Java VM: Java HotSpot(TM) Client VM (20.4-b02 mixed mode, sharing windows-x86 )
# Problematic frame:
# C  0x087c2850
#
# If you would like to submit a bug report, please visit:
#   http://java.sun.com/webapps/bugreport/crash.jsp
# The crash happened outside the Java Virtual Machine in native code.
# See problematic frame for where to report the bug.
#

---------------  T H R E A D  ---------------

Current thread (0x084ce000):  JavaThread "Thread-56" [_thread_in_native, id=6748, stack(0x0b560000,0x0b5b0000)]

siginfo: ExceptionCode=0xc0000005, reading address 0x087c2850

Registers:
EAX=0x0b5af3d0, EBX=0x2d6f3768, ECX=0x2d6f3768, EDX=0x084ce128
ESP=0x0b5af39c, EBP=0x0b5af3c8, ESI=0x282cee38, EDI=0x084ce000
EIP=0x087c2850, EFLAGS=0x00010246

Top of Stack: (sp=0x0b5af39c)
0x0b5af39c:   027437fd 084ce128 0b5af3b0 00000000
0x0b5af3ac:   0b5af3d0 2d6f3768 00000001 0b5af1f0
0x0b5af3bc:   087d45f4 00000004 00000001 0b5af944
0x0b5af3cc:   0273275c 282cee38 00000000 0b5af210
0x0b5af3dc:   084ce000 0b5af230 73e68e10 00000001
0x0b5af3ec:   00000000 3848abd0 3848abd0 0b5af428
0x0b5af3fc:   087c2849 084ce128 0b5af47c 38463dd0
0x0b5af40c:   2d6d0260 2d6f3768 282cee38 2d6e34d0 

Instructions: (pc=0x087c2850)
0x087c2830:   
[error occurred during error reporting (printing registers, top of stack, instructions near pc), id 0xc0000005]

Register to memory mapping:

EAX=0x0b5af3d0 is pointing into the stack for thread: 0x084ce000
EBX=0x2d6f3768 is an oop
com.sun.jna.Function 
 - klass: 'com/sun/jna/Function'
ECX=0x2d6f3768 is an oop
com.sun.jna.Function 
 - klass: 'com/sun/jna/Function'
EDX=0x084ce128 is an unknown value
ESP=0x0b5af39c is pointing into the stack for thread: 0x084ce000
EBP=0x0b5af3c8 is pointing into the stack for thread: 0x084ce000
ESI=
[error occurred during error reporting (printing register info), id 0xc0000005]

Stack: [0x0b560000,0x0b5b0000],  sp=0x0b5af39c,  free space=316k
Native frames: (J=compiled Java code, j=interpreted, Vv=VM code, C=native code)
C  0x087c2850
J  com.sun.jna.Function.invoke([Ljava/lang/Object;Ljava/lang/Class;)Ljava/lang/Object;
j  at.ac.tuwien.sepm2011ws.mp3player.presentationLayer.MainFrame.run()V+18
j  java.lang.Thread.run()V+11
v  ~StubRoutines::call_stub
V  [jvm.dll+0xfac3b]
V  [jvm.dll+0x18c391]
V  [jvm.dll+0xfade1]
V  [jvm.dll+0xfae3b]
V  [jvm.dll+0xb5569]
V  [jvm.dll+0x118f14]
V  [jvm.dll+0x140fec]
C  [msvcr71.dll+0x9565]  endthreadex+0xa0
C  [kernel32.dll+0x1339a]  BaseThreadInitThunk+0x12
C  [ntdll.dll+0x39ed2]  RtlInitializeExceptionChain+0x63
C  [ntdll.dll+0x39ea5]  RtlInitializeExceptionChain+0x36

Java frames: (J=compiled Java code, j=interpreted, Vv=VM code)
J  com.sun.jna.Function.invokeLong(I[Ljava/lang/Object;)J
J  com.sun.jna.Function.invoke([Ljava/lang/Object;Ljava/lang/Class;)Ljava/lang/Object;
J  com.sun.jna.Function.invoke(Ljava/lang/Class;[Ljava/lang/Object;Ljava/util/Map;)Ljava/lang/Object;
J  com.sun.jna.Library$Handler.invoke(Ljava/lang/Object;Ljava/lang/reflect/Method;[Ljava/lang/Object;)Ljava/lang/Object;
J  com.sun.jna.Native$2.invoke(Ljava/lang/Object;Ljava/lang/reflect/Method;[Ljava/lang/Object;)Ljava/lang/Object;
J  $Proxy0.libvlc_media_player_get_length(Luk/co/caprica/vlcj/binding/internal/libvlc_media_player_t;)J
J  sun.reflect.GeneratedMethodAccessor7.invoke(Ljava/lang/Object;[Ljava/lang/Object;)Ljava/lang/Object;
J  sun.reflect.DelegatingMethodAccessorImpl.invoke(Ljava/lang/Object;[Ljava/lang/Object;)Ljava/lang/Object;
J  java.lang.reflect.Method.invoke(Ljava/lang/Object;[Ljava/lang/Object;)Ljava/lang/Object;
J  uk.co.caprica.vlcj.binding.LoggingProxy.invoke(Ljava/lang/Object;Ljava/lang/reflect/Method;[Ljava/lang/Object;)Ljava/lang/Object;
J  $Proxy0.libvlc_media_player_get_length(Luk/co/caprica/vlcj/binding/internal/libvlc_media_player_t;)J
J  at.ac.tuwien.sepm2011ws.mp3player.serviceLayer.vlcj.VlcjCoreInteractionService.getDurationAt(D)D
J  at.ac.tuwien.sepm2011ws.mp3player.serviceLayer.vlcj.VlcjCoreInteractionService.getPlayTimeInSeconds()D
j  at.ac.tuwien.sepm2011ws.mp3player.presentationLayer.MainFrame.getMediaTimeAtInSecondsInt()D+4
j  at.ac.tuwien.sepm2011ws.mp3player.presentationLayer.MainFrame.run()V+18
j  java.lang.Thread.run()V+11
v  ~StubRoutines::call_stub

---------------  P R O C E S S  ---------------

Java Threads: ( => current thread )
  0x084ce800 JavaThread "Thread-1" daemon [_thread_in_native, id=8876, stack(0x052f0000,0x05340000)]
  0x084cd800 JavaThread "Thread-72" [_thread_blocked, id=9064, stack(0x0b680000,0x0b6d0000)]
=>0x084ce000 JavaThread "Thread-56" [_thread_in_native, id=6748, stack(0x0b560000,0x0b5b0000)]
  0x084cd400 JavaThread "pool-2-thread-1" [_thread_blocked, id=7780, stack(0x0c370000,0x0c3c0000)]
  0x084ccc00 JavaThread "Thread-7" [_thread_blocked, id=8772, stack(0x0b5f0000,0x0b640000)]
  0x084cc000 JavaThread "pool-1-thread-1" [_thread_blocked, id=1180, stack(0x0b1d0000,0x0b220000)]
  0x084cac00 JavaThread "TimerQueue" daemon [_thread_blocked, id=8080, stack(0x0b140000,0x0b190000)]
  0x02089c00 JavaThread "DestroyJavaVM" [_thread_blocked, id=7480, stack(0x003a0000,0x003f0000)]
  0x04cb7000 JavaThread "AWT-EventQueue-0" [_thread_blocked, id=8784, stack(0x05260000,0x052b0000)]
  0x04cb4400 JavaThread "AWT-Shutdown" [_thread_blocked, id=8172, stack(0x05180000,0x051d0000)]
  0x04cb4000 JavaThread "Java2D Disposer" daemon [_thread_blocked, id=532, stack(0x05070000,0x050c0000)]
  0x04c8e400 JavaThread "FileWatchdog" daemon [_thread_blocked, id=7676, stack(0x04dd0000,0x04e20000)]
  0x02511400 JavaThread "Low Memory Detector" daemon [_thread_blocked, id=8068, stack(0x04ab0000,0x04b00000)]
  0x0250b000 JavaThread "C1 CompilerThread0" daemon [_thread_blocked, id=7532, stack(0x04a20000,0x04a70000)]
  0x0250a000 JavaThread "Attach Listener" daemon [_thread_blocked, id=5008, stack(0x04990000,0x049e0000)]
  0x02507000 JavaThread "Signal Dispatcher" daemon [_thread_blocked, id=8468, stack(0x04900000,0x04950000)]
  0x024fb400 JavaThread "Finalizer" daemon [_thread_blocked, id=1688, stack(0x04870000,0x048c0000)]
  0x024f9800 JavaThread "Reference Handler" daemon [_thread_blocked, id=2276, stack(0x047e0000,0x04830000)]

Other Threads:
  0x024bd400 VMThread [stack: 0x04750000,0x047a0000] [id=320]
  0x0251b800 WatcherThread [stack: 0x04b40000,0x04b90000] [id=5524]

VM state:not at safepoint (normal execution)

VM Mutex/Monitor currently owned by a thread: None

Heap
 def new generation   total 4928K, used 2936K [0x28050000, 0x285a0000, 0x2d5a0000)
  eden space 4416K,  64% used [0x28050000, 0x28317700, 0x284a0000)
  from space 512K,  17% used [0x28520000, 0x28536ca0, 0x285a0000)
  to   space 512K,   0% used [0x284a0000, 0x284a0000, 0x28520000)
 tenured generation   total 10944K, used 1941K [0x2d5a0000, 0x2e050000, 0x38050000)
   the space 10944K,  17% used [0x2d5a0000, 0x2d785678, 0x2d785800, 0x2e050000)
 compacting perm gen  total 12288K, used 7050K [0x38050000, 0x38c50000, 0x3c050000)
   the space 12288K,  57% used [0x38050000, 0x38732978, 0x38732a00, 0x38c50000)
    ro space 10240K,  51% used [0x3c050000, 0x3c57d0b8, 0x3c57d200, 0x3ca50000)
    rw space 12288K,  54% used [0x3ca50000, 0x3d0e9570, 0x3d0e9600, 0x3d650000)

Code Cache  [0x02580000, 0x02780000, 0x04580000)
 total_blobs=980 nmethods=753 adapters=162 free_code_cache=31489280 largest_free_block=192

Dynamic libraries:
0x00400000 - 0x00424000 	C:\Program Files (x86)\Java\jre6\bin\javaw.exe
0x77540000 - 0x776c0000 	C:\Windows\SysWOW64\ntdll.dll
0x76360000 - 0x76470000 	C:\Windows\syswow64\kernel32.dll
0x75f80000 - 0x75fc6000 	C:\Windows\syswow64\KERNELBASE.dll
0x76b40000 - 0x76be0000 	C:\Windows\syswow64\ADVAPI32.dll
0x76660000 - 0x7670c000 	C:\Windows\syswow64\msvcrt.dll
0x76c60000 - 0x76c79000 	C:\Windows\SysWOW64\sechost.dll
0x75090000 - 0x75180000 	C:\Windows\syswow64\RPCRT4.dll
0x74c20000 - 0x74c80000 	C:\Windows\syswow64\SspiCli.dll
0x74c10000 - 0x74c1c000 	C:\Windows\syswow64\CRYPTBASE.dll
0x75fd0000 - 0x760d0000 	C:\Windows\syswow64\USER32.dll
0x76210000 - 0x762a0000 	C:\Windows\syswow64\GDI32.dll
0x76470000 - 0x7647a000 	C:\Windows\syswow64\LPK.dll
0x762a0000 - 0x7633d000 	C:\Windows\syswow64\USP10.dll
0x76780000 - 0x767e0000 	C:\Windows\system32\IMM32.DLL
0x76a70000 - 0x76b3c000 	C:\Windows\syswow64\MSCTF.dll
0x10000000 - 0x1004d000 	C:\Windows\SysWOW64\guard32.dll
0x74650000 - 0x74659000 	C:\Windows\system32\VERSION.dll
0x74640000 - 0x74647000 	C:\Windows\system32\fltlib.dll
0x7c340000 - 0x7c396000 	C:\Program Files (x86)\Java\jre6\bin\msvcr71.dll
0x6d7f0000 - 0x6da9f000 	C:\Program Files (x86)\Java\jre6\bin\client\jvm.dll
0x70c60000 - 0x70c92000 	C:\Windows\system32\WINMM.dll
0x70ca0000 - 0x70cec000 	C:\Windows\system32\apphelp.dll
0x6d7a0000 - 0x6d7ac000 	C:\Program Files (x86)\Java\jre6\bin\verify.dll
0x6d320000 - 0x6d33f000 	C:\Program Files (x86)\Java\jre6\bin\java.dll
0x6d7e0000 - 0x6d7ef000 	C:\Program Files (x86)\Java\jre6\bin\zip.dll
0x6d000000 - 0x6d14c000 	C:\Program Files (x86)\Java\jre6\bin\awt.dll
0x70bb0000 - 0x70c01000 	C:\Windows\system32\WINSPOOL.DRV
0x768b0000 - 0x76a0c000 	C:\Windows\syswow64\ole32.dll
0x6ddc0000 - 0x6df5e000 	C:\Windows\WinSxS\x86_microsoft.windows.common-controls_6595b64144ccf1df_6.0.7601.17514_none_41e6975e2bd6f2b2\COMCTL32.dll
0x76720000 - 0x76777000 	C:\Windows\syswow64\SHLWAPI.dll
0x70600000 - 0x70613000 	C:\Windows\system32\DWMAPI.DLL
0x70620000 - 0x706a0000 	C:\Windows\system32\uxtheme.dll
0x75180000 - 0x75dca000 	C:\Windows\system32\shell32.dll
0x6d230000 - 0x6d27f000 	C:\Program Files (x86)\Java\jre6\bin\fontmanager.dll
0x67af0000 - 0x67b86000 	C:\Windows\system32\aticfx32.dll
0x74910000 - 0x7491a000 	C:\Windows\system32\atiu9pag.dll
0x77c00000 - 0x78000000 	C:\Windows\system32\atiumdag.dll
0x50400000 - 0x50765000 	C:\Windows\system32\atiumdva.dll
0x6d600000 - 0x6d613000 	C:\Program Files (x86)\Java\jre6\bin\net.dll
0x767e0000 - 0x76815000 	C:\Windows\syswow64\WS2_32.dll
0x77510000 - 0x77516000 	C:\Windows\syswow64\NSI.dll
0x08080000 - 0x080c3000 	C:\Program Files (x86)\Avira\AntiVir Desktop\avsda.dll
0x71410000 - 0x7142c000 	C:\Windows\system32\IPHLPAPI.DLL
0x71400000 - 0x71407000 	C:\Windows\system32\WINNSI.DLL
0x70c20000 - 0x70c5c000 	C:\Windows\system32\mswsock.dll
0x6d170000 - 0x6d176000 	C:\Windows\System32\wship6.dll
0x6d620000 - 0x6d629000 	C:\Program Files (x86)\Java\jre6\bin\nio.dll
0x70d60000 - 0x70d76000 	C:\Windows\system32\CRYPTSP.dll
0x70cf0000 - 0x70d2b000 	C:\Windows\system32\rsaenh.dll
0x6e0d0000 - 0x6e0e7000 	C:\Windows\system32\USERENV.dll
0x71130000 - 0x7113b000 	C:\Windows\system32\profapi.dll
0x6d3a0000 - 0x6d3b0000 	C:\Windows\system32\NLAapi.dll
0x6d390000 - 0x6d3a0000 	C:\Windows\system32\napinsp.dll
0x6d370000 - 0x6d382000 	C:\Windows\system32\pnrpnsp.dll
0x08770000 - 0x087b4000 	C:\Windows\system32\DNSAPI.dll
0x6d310000 - 0x6d318000 	C:\Windows\System32\winrnr.dll
0x6d300000 - 0x6d30d000 	C:\Windows\system32\wshbth.dll
0x70c10000 - 0x70c15000 	C:\Windows\System32\wshtcpip.dll
0x6d180000 - 0x6d186000 	C:\Windows\system32\rasadhlp.dll
0x6ce80000 - 0x6ceb8000 	C:\Windows\System32\fwpuclnt.dll
0x73e60000 - 0x73e7f000 	C:\Users\UncleSam\Documents\TU Wien\WS11\SEPM\Workspace\qse-sepm-ws11-08\mp3player\lib\vlc\windows\lib\libvlc.dll
0x5d5e0000 - 0x5d810000 	C:\Users\UncleSam\Documents\TU Wien\WS11\SEPM\Workspace\qse-sepm-ws11-08\mp3player\lib\vlc\windows\lib\libvlccore.dll
0x73e40000 - 0x73e51000 	C:\Users\UncleSam\Documents\TU Wien\WS11\SEPM\Workspace\qse-sepm-ws11-08\mp3player\lib\vlc\windows\plugins\libaout_directx_plugin.dll
0x734d0000 - 0x734e7000 	C:\Users\UncleSam\Documents\TU Wien\WS11\SEPM\Workspace\qse-sepm-ws11-08\mp3player\lib\vlc\windows\plugins\libdirectx_plugin.dll
0x73490000 - 0x734c9000 	C:\Users\UncleSam\Documents\TU Wien\WS11\SEPM\Workspace\qse-sepm-ws11-08\mp3player\lib\vlc\windows\plugins\libdshow_plugin.dll
0x76820000 - 0x768af000 	C:\Windows\syswow64\OLEAUT32.DLL
0x5d3c0000 - 0x5d5d7000 	C:\Users\UncleSam\Documents\TU Wien\WS11\SEPM\Workspace\qse-sepm-ws11-08\mp3player\lib\vlc\windows\plugins\libskins2_plugin.dll
0x73470000 - 0x73481000 	C:\Users\UncleSam\Documents\TU Wien\WS11\SEPM\Workspace\qse-sepm-ws11-08\mp3player\lib\vlc\windows\plugins\libwaveout_plugin.dll
0x73460000 - 0x7346f000 	C:\Users\UncleSam\Documents\TU Wien\WS11\SEPM\Workspace\qse-sepm-ws11-08\mp3player\lib\vlc\windows\plugins\libmemcpymmxext_plugin.dll
0x73440000 - 0x7345c000 	C:\Users\UncleSam\Documents\TU Wien\WS11\SEPM\Workspace\qse-sepm-ws11-08\mp3player\lib\vlc\windows\plugins\libaccess_bd_plugin.dll
0x73400000 - 0x73440000 	C:\Users\UncleSam\Documents\TU Wien\WS11\SEPM\Workspace\qse-sepm-ws11-08\mp3player\lib\vlc\windows\plugins\libdvdnav_plugin.dll
0x73950000 - 0x73960000 	C:\Users\UncleSam\Documents\TU Wien\WS11\SEPM\Workspace\qse-sepm-ws11-08\mp3player\lib\vlc\windows\plugins\libfilesystem_plugin.dll
0x733f0000 - 0x733ff000 	C:\Users\UncleSam\Documents\TU Wien\WS11\SEPM\Workspace\qse-sepm-ws11-08\mp3player\lib\vlc\windows\plugins\libstream_filter_rar_plugin.dll
0x733d0000 - 0x733ea000 	C:\Users\UncleSam\Documents\TU Wien\WS11\SEPM\Workspace\qse-sepm-ws11-08\mp3player\lib\vlc\windows\plugins\libzip_plugin.dll
0x733c0000 - 0x733ce000 	C:\Users\UncleSam\Documents\TU Wien\WS11\SEPM\Workspace\qse-sepm-ws11-08\mp3player\lib\vlc\windows\plugins\libstream_filter_record_plugin.dll
0x73120000 - 0x73140000 	C:\Users\UncleSam\Documents\TU Wien\WS11\SEPM\Workspace\qse-sepm-ws11-08\mp3player\lib\vlc\windows\plugins\libplaylist_plugin.dll
0x72800000 - 0x72915000 	C:\Users\UncleSam\Documents\TU Wien\WS11\SEPM\Workspace\qse-sepm-ws11-08\mp3player\lib\vlc\windows\plugins\libtaglib_plugin.dll
0x730c0000 - 0x73118000 	C:\Users\UncleSam\Documents\TU Wien\WS11\SEPM\Workspace\qse-sepm-ws11-08\mp3player\lib\vlc\windows\plugins\liblua_plugin.dll
0x72f60000 - 0x7307c000 	C:\Users\UncleSam\Documents\TU Wien\WS11\SEPM\Workspace\qse-sepm-ws11-08\mp3player\lib\vlc\windows\plugins\libxml_plugin.dll
0x72f40000 - 0x72f51000 	C:\Users\UncleSam\Documents\TU Wien\WS11\SEPM\Workspace\qse-sepm-ws11-08\mp3player\lib\vlc\windows\plugins\libhotkeys_plugin.dll
0x6d1a0000 - 0x6d1c3000 	C:\Program Files (x86)\Java\jre6\bin\dcpr.dll
0x765d0000 - 0x76653000 	C:\Windows\syswow64\CLBCatQ.DLL
0x73e80000 - 0x73eb5000 	C:\Users\UncleSam\Documents\TU Wien\WS11\SEPM\Workspace\qse-sepm-ws11-08\mp3player\lib\vlc\windows\plugins\libmp4_plugin.dll
0x72ee0000 - 0x72efc000 	C:\Users\UncleSam\Documents\TU Wien\WS11\SEPM\Workspace\qse-sepm-ws11-08\mp3player\lib\vlc\windows\plugins\libavi_plugin.dll
0x72ec0000 - 0x72ed8000 	C:\Users\UncleSam\Documents\TU Wien\WS11\SEPM\Workspace\qse-sepm-ws11-08\mp3player\lib\vlc\windows\plugins\libasf_plugin.dll
0x72ea0000 - 0x72eb1000 	C:\Users\UncleSam\Documents\TU Wien\WS11\SEPM\Workspace\qse-sepm-ws11-08\mp3player\lib\vlc\windows\plugins\libflacsys_plugin.dll
0x727e0000 - 0x727f1000 	C:\Users\UncleSam\Documents\TU Wien\WS11\SEPM\Workspace\qse-sepm-ws11-08\mp3player\lib\vlc\windows\plugins\libes_plugin.dll
0x727c0000 - 0x727d1000 	C:\Users\UncleSam\Documents\TU Wien\WS11\SEPM\Workspace\qse-sepm-ws11-08\mp3player\lib\vlc\windows\plugins\libnuv_plugin.dll
0x727a0000 - 0x727bd000 	C:\Users\UncleSam\Documents\TU Wien\WS11\SEPM\Workspace\qse-sepm-ws11-08\mp3player\lib\vlc\windows\plugins\libmpc_plugin.dll
0x72060000 - 0x7206f000 	C:\Users\UncleSam\Documents\TU Wien\WS11\SEPM\Workspace\qse-sepm-ws11-08\mp3player\lib\vlc\windows\plugins\libtta_plugin.dll
0x730b0000 - 0x730bf000 	C:\Users\UncleSam\Documents\TU Wien\WS11\SEPM\Workspace\qse-sepm-ws11-08\mp3player\lib\vlc\windows\plugins\libwav_plugin.dll
0x72050000 - 0x72060000 	C:\Users\UncleSam\Documents\TU Wien\WS11\SEPM\Workspace\qse-sepm-ws11-08\mp3player\lib\vlc\windows\plugins\libfake_plugin.dll
0x72040000 - 0x7204f000 	C:\Users\UncleSam\Documents\TU Wien\WS11\SEPM\Workspace\qse-sepm-ws11-08\mp3player\lib\vlc\windows\plugins\libcdg_plugin.dll
0x72000000 - 0x72040000 	C:\Users\UncleSam\Documents\TU Wien\WS11\SEPM\Workspace\qse-sepm-ws11-08\mp3player\lib\vlc\windows\plugins\libpng_plugin.dll
0x71f00000 - 0x71ffe000 	C:\Users\UncleSam\Documents\TU Wien\WS11\SEPM\Workspace\qse-sepm-ws11-08\mp3player\lib\vlc\windows\plugins\libschroedinger_plugin.dll
0x0c250000 - 0x0c297000 	C:\Users\UncleSam\Documents\TU Wien\WS11\SEPM\Workspace\qse-sepm-ws11-08\mp3player\lib\vlc\windows\plugins\libflac_plugin.dll
0x65620000 - 0x657c9000 	C:\Users\UncleSam\Documents\TU Wien\WS11\SEPM\Workspace\qse-sepm-ws11-08\mp3player\lib\vlc\windows\plugins\libvorbis_plugin.dll
0x71e20000 - 0x71e45000 	C:\Users\UncleSam\Documents\TU Wien\WS11\SEPM\Workspace\qse-sepm-ws11-08\mp3player\lib\vlc\windows\plugins\libspeex_plugin.dll
0x6c930000 - 0x6cae7000 	C:\Users\UncleSam\Documents\TU Wien\WS11\SEPM\Workspace\qse-sepm-ws11-08\mp3player\lib\vlc\windows\plugins\liblibass_plugin.dll
0x71a40000 - 0x71a52000 	C:\Users\UncleSam\Documents\TU Wien\WS11\SEPM\Workspace\qse-sepm-ws11-08\mp3player\lib\vlc\windows\plugins\libaraw_plugin.dll
0x502f0000 - 0x50362000 	C:\Windows\system32\DSOUND.DLL
0x6e4f0000 - 0x6e515000 	C:\Windows\system32\POWRPROF.dll
0x74e70000 - 0x7500d000 	C:\Windows\syswow64\SETUPAPI.dll
0x74c80000 - 0x74ca7000 	C:\Windows\syswow64\CFGMGR32.dll
0x761f0000 - 0x76202000 	C:\Windows\syswow64\DEVOBJ.dll
0x6fac0000 - 0x6faf9000 	C:\Windows\System32\MMDevApi.dll
0x6f9c0000 - 0x6fab5000 	C:\Windows\System32\PROPSYS.dll
0x6f980000 - 0x6f9b6000 	C:\Windows\system32\AUDIOSES.DLL
0x0cc30000 - 0x0cc61000 	C:\Users\UncleSam\Documents\TU Wien\WS11\SEPM\Workspace\qse-sepm-ws11-08\mp3player\lib\vlc\windows\plugins\libdtstofloat32_plugin.dll
0x71a20000 - 0x71a38000 	C:\Users\UncleSam\Documents\TU Wien\WS11\SEPM\Workspace\qse-sepm-ws11-08\mp3player\lib\vlc\windows\plugins\liba52tofloat32_plugin.dll
0x0cc70000 - 0x0cc95000 	C:\Users\UncleSam\Documents\TU Wien\WS11\SEPM\Workspace\qse-sepm-ws11-08\mp3player\lib\vlc\windows\plugins\libmpgatofixed32_plugin.dll
0x71ef0000 - 0x71eff000 	C:\Users\UncleSam\Documents\TU Wien\WS11\SEPM\Workspace\qse-sepm-ws11-08\mp3player\lib\vlc\windows\plugins\libconverter_fixed_plugin.dll
0x71a10000 - 0x71a1e000 	C:\Users\UncleSam\Documents\TU Wien\WS11\SEPM\Workspace\qse-sepm-ws11-08\mp3player\lib\vlc\windows\plugins\liba52tospdif_plugin.dll
0x6cff0000 - 0x6cfff000 	C:\Users\UncleSam\Documents\TU Wien\WS11\SEPM\Workspace\qse-sepm-ws11-08\mp3player\lib\vlc\windows\plugins\libdtstospdif_plugin.dll
0x6cfe0000 - 0x6cfef000 	C:\Users\UncleSam\Documents\TU Wien\WS11\SEPM\Workspace\qse-sepm-ws11-08\mp3player\lib\vlc\windows\plugins\libsimple_channel_mixer_plugin.dll
0x6cfd0000 - 0x6cfdf000 	C:\Users\UncleSam\Documents\TU Wien\WS11\SEPM\Workspace\qse-sepm-ws11-08\mp3player\lib\vlc\windows\plugins\libdolby_surround_decoder_plugin.dll
0x6cfc0000 - 0x6cfd0000 	C:\Users\UncleSam\Documents\TU Wien\WS11\SEPM\Workspace\qse-sepm-ws11-08\mp3player\lib\vlc\windows\plugins\libmono_plugin.dll
0x6cfb0000 - 0x6cfbe000 	C:\Users\UncleSam\Documents\TU Wien\WS11\SEPM\Workspace\qse-sepm-ws11-08\mp3player\lib\vlc\windows\plugins\libugly_resampler_plugin.dll
0x6cf90000 - 0x6cfa1000 	C:\Users\UncleSam\Documents\TU Wien\WS11\SEPM\Workspace\qse-sepm-ws11-08\mp3player\lib\vlc\windows\plugins\libaudio_format_plugin.dll
0x6cf80000 - 0x6cf8f000 	C:\Users\UncleSam\Documents\TU Wien\WS11\SEPM\Workspace\qse-sepm-ws11-08\mp3player\lib\vlc\windows\plugins\libfloat32_mixer_plugin.dll
0x6cf70000 - 0x6cf80000 	C:\Users\UncleSam\Documents\TU Wien\WS11\SEPM\Workspace\qse-sepm-ws11-08\mp3player\lib\vlc\windows\plugins\libscaletempo_plugin.dll
0x6e5a0000 - 0x6e5a7000 	C:\Windows\system32\avrt.dll
0x76340000 - 0x76345000 	C:\Windows\system32\PSAPI.DLL

VM Arguments:
jvm_args: -Dfile.encoding=UTF-8 
java_command: at.ac.tuwien.sepm2011ws.mp3player.Main
Launcher Type: SUN_STANDARD

Environment Variables:
PATH=C:\Program Files (x86)\ATI Stream\bin\x86_64;C:\Program Files (x86)\ATI Stream\bin\x86;C:\Windows\system32;C:\Windows;C:\Windows\System32\Wbem;C:\Windows\System32\WindowsPowerShell\v1.0\;C:\Program Files\WIDCOMM\Bluetooth Software\;C:\Program Files\WIDCOMM\Bluetooth Software\syswow64;C:\Program Files (x86)\ATI Technologies\ATI.ACE\Core-Static;C:\Program Files (x86)\Hewlett-Packard\HP ProtectTools Security Manager\Bin\;C:\Program Files (x86)\Intel\Services\IPT\
USERNAME=UncleSam
OS=Windows_NT
PROCESSOR_IDENTIFIER=Intel64 Family 6 Model 42 Stepping 7, GenuineIntel



---------------  S Y S T E M  ---------------

OS: Windows 7 , 64 bit Build 7601 Service Pack 1

CPU:total 4 (2 cores per cpu, 2 threads per core) family 6 model 42 stepping 7, cmov, cx8, fxsr, mmx, sse, sse2, sse3, ssse3, sse4.1, sse4.2, popcnt, ht

Memory: 4k page, physical 8337776k(4816432k free), swap 16673704k(12173712k free)

vm_info: Java HotSpot(TM) Client VM (20.4-b02) for windows-x86 JRE (1.6.0_29-b11), built on Oct  3 2011 01:01:08 by "java_re" with MS VC++ 7.1 (VS2003)

time: Tue Jan 10 00:26:20 2012
elapsed time: 215 seconds

